<?xml version="1.0" encoding="UTF-8"?>
<!-- Generated by org.testng.reporters.JUnitReportReporter -->
<testsuite skipped="0" hostname="LAPTOP-7N9U184H" name="com.gtpl.qa.testcases.LoginPageTest" tests="3" failures="0" timestamp="2021-09-04T22:00:59 IST" time="31.692" errors="0">
  <testcase name="validateTitle" time="8.169" classname="com.gtpl.qa.testcases.LoginPageTest"/>
  <system-out/>
  <testcase name="validateBankLogo" time="8.287" classname="com.gtpl.qa.testcases.LoginPageTest"/>
  <system-out/>
  <testcase name="checkingLoginPageWithValidCredentials" time="15.236" classname="com.gtpl.qa.testcases.LoginPageTest"/>
  <system-out/>
</testsuite> <!-- com.gtpl.qa.testcases.LoginPageTest -->
