<?xml version="1.0" encoding="UTF-8"?>
<!-- Generated by org.testng.reporters.JUnitReportReporter -->
<testsuite skipped="0" hostname="LAPTOP-7N9U184H" name="com.gtpl.qa.testcases.HomePageTest" tests="4" failures="0" timestamp="2021-09-04T22:00:59 IST" time="62.975" errors="0">
  <testcase name="validateHomePageTitle" time="15.673" classname="com.gtpl.qa.testcases.HomePageTest"/>
  <system-out/>
  <testcase name="validateHomePageBankLogo" time="15.000" classname="com.gtpl.qa.testcases.HomePageTest"/>
  <system-out/>
  <testcase name="verifyHomePage" time="16.333" classname="com.gtpl.qa.testcases.HomePageTest"/>
  <system-out/>
  <testcase name="verifyHomePageLinks" time="15.969" classname="com.gtpl.qa.testcases.HomePageTest"/>
  <system-out/>
</testsuite> <!-- com.gtpl.qa.testcases.HomePageTest -->
