<?xml version="1.0" encoding="UTF-8"?>
<!-- Generated by org.testng.reporters.JUnitReportReporter -->
<testsuite skipped="0" hostname="LAPTOP-7N9U184H" name="com.gtpl.qa.testcases.LoginPageTest" tests="3" failures="0" timestamp="2021-09-04T20:14:56 IST" time="34.868" errors="0">
  <testcase name="validateTitle" time="9.080" classname="com.gtpl.qa.testcases.LoginPageTest"/>
  <system-out/>
  <testcase name="validateBankLogo" time="9.719" classname="com.gtpl.qa.testcases.LoginPageTest"/>
  <system-out/>
  <testcase name="checkingLoginPageWithValidCredentials" time="16.069" classname="com.gtpl.qa.testcases.LoginPageTest"/>
  <system-out/>
</testsuite> <!-- com.gtpl.qa.testcases.LoginPageTest -->
