<?xml version="1.0" encoding="UTF-8"?>
<!-- Generated by org.testng.reporters.JUnitReportReporter -->
<testsuite skipped="0" hostname="LAPTOP-7N9U184H" name="com.gtpl.qa.testcases.HomePageTest" tests="4" failures="0" timestamp="2021-09-04T20:14:56 IST" time="68.199" errors="0">
  <testcase name="validateHomePageTitle" time="15.981" classname="com.gtpl.qa.testcases.HomePageTest"/>
  <system-out/>
  <testcase name="validateHomePageBankLogo" time="16.403" classname="com.gtpl.qa.testcases.HomePageTest"/>
  <system-out/>
  <testcase name="verifyHomePage" time="16.548" classname="com.gtpl.qa.testcases.HomePageTest"/>
  <system-out/>
  <testcase name="verifyHomePageLinks" time="19.267" classname="com.gtpl.qa.testcases.HomePageTest"/>
  <system-out/>
</testsuite> <!-- com.gtpl.qa.testcases.HomePageTest -->
